0 info it worked if it ends with ok
1 verbose cli [ '/usr/bin/nodejs', '/usr/bin/npm', 'publish' ]
2 info using npm@3.10.10
3 info using node@v6.9.4
4 verbose publish [ '.' ]
5 silly cache add args [ '.', null ]
6 verbose cache add spec .
7 silly cache add parsed spec Result {
7 silly cache add   raw: '.',
7 silly cache add   scope: null,
7 silly cache add   escapedName: null,
7 silly cache add   name: null,
7 silly cache add   rawSpec: '.',
7 silly cache add   spec: '/home/igor/Área de Trabalho/Projects/OpenSources/MyIpReact',
7 silly cache add   type: 'directory' }
8 verbose addLocalDirectory /home/igor/.npm/react-ip/1.0.0/package.tgz not in flight; packing
9 verbose correctMkdir /home/igor/.npm correctMkdir not in flight; initializing
10 info lifecycle react-ip@1.0.0~prepublish: react-ip@1.0.0
11 silly lifecycle react-ip@1.0.0~prepublish: no script for prepublish, continuing
12 verbose tar pack [ '/home/igor/.npm/react-ip/1.0.0/package.tgz',
12 verbose tar pack   '/home/igor/Área de Trabalho/Projects/OpenSources/MyIpReact' ]
13 verbose tarball /home/igor/.npm/react-ip/1.0.0/package.tgz
14 verbose folder /home/igor/Área de Trabalho/Projects/OpenSources/MyIpReact
15 verbose addLocalTarball adding from inside cache /home/igor/.npm/react-ip/1.0.0/package.tgz
16 verbose correctMkdir /home/igor/.npm correctMkdir not in flight; initializing
17 silly cache afterAdd react-ip@1.0.0
18 verbose afterAdd /home/igor/.npm/react-ip/1.0.0/package/package.json not in flight; writing
19 verbose correctMkdir /home/igor/.npm correctMkdir not in flight; initializing
20 verbose afterAdd /home/igor/.npm/react-ip/1.0.0/package/package.json written
21 silly publish { name: 'react-ip',
21 silly publish   version: '1.0.0',
21 silly publish   main: 'index.js',
21 silly publish   license: 'MIT',
21 silly publish   dependencies:
21 silly publish    { axios: '^0.15.3',
21 silly publish      'babel-core': '^6.21.0',
21 silly publish      'babel-loader': '^6.2.10',
21 silly publish      'babel-preset-es2015': '^6.18.0',
21 silly publish      'babel-preset-react': '^6.16.0',
21 silly publish      react: '^15.4.2',
21 silly publish      'react-dom': '^15.4.2',
21 silly publish      'react-router': '^3.0.1' },
21 silly publish   devDependencies: { webpack: '^1.14.0', 'webpack-dev-server': '^1.16.2' },
21 silly publish   scripts: { test: 'echo "Error: no test specified" && exit 1' },
21 silly publish   repository: { type: 'git', url: 'git+https://github.com/devigor/MyIp.git' },
21 silly publish   keywords: [],
21 silly publish   author: '',
21 silly publish   bugs: { url: 'https://github.com/devigor/MyIp/issues' },
21 silly publish   homepage: 'https://github.com/devigor/MyIp#readme',
21 silly publish   description: '',
21 silly publish   gitHead: '747aee5dca355d37116c1d322a3a0f4debf21470',
21 silly publish   readme: 'ERROR: No README data found!',
21 silly publish   _id: 'react-ip@1.0.0',
21 silly publish   _shasum: '7a850d65ab451f7db4b074b9b3584ac606db3d0d',
21 silly publish   _from: '.' }
22 verbose getPublishConfig undefined
23 silly mapToRegistry name react-ip
24 silly mapToRegistry using default registry
25 silly mapToRegistry registry https://registry.npmjs.org/
26 silly mapToRegistry data Result {
26 silly mapToRegistry   raw: 'react-ip',
26 silly mapToRegistry   scope: null,
26 silly mapToRegistry   escapedName: 'react-ip',
26 silly mapToRegistry   name: 'react-ip',
26 silly mapToRegistry   rawSpec: '',
26 silly mapToRegistry   spec: 'latest',
26 silly mapToRegistry   type: 'tag' }
27 silly mapToRegistry uri https://registry.npmjs.org/react-ip
28 verbose publish registryBase https://registry.npmjs.org/
29 silly publish uploading /home/igor/.npm/react-ip/1.0.0/package.tgz
30 verbose request uri https://registry.npmjs.org/react-ip
31 verbose request sending authorization for write operation
32 info attempt registry request try #1 at 23:29:50
33 verbose request using bearer token for auth
34 verbose request id 29b82ec203f43554
35 http request PUT https://registry.npmjs.org/react-ip
36 http 403 https://registry.npmjs.org/react-ip
37 verbose headers { 'content-type': 'application/json',
37 verbose headers   'cache-control': 'max-age=300',
37 verbose headers   'content-length': '95',
37 verbose headers   'accept-ranges': 'bytes',
37 verbose headers   date: 'Sun, 15 Jan 2017 01:29:59 GMT',
37 verbose headers   via: '1.1 varnish',
37 verbose headers   connection: 'keep-alive',
37 verbose headers   'x-served-by': 'cache-gru7120-GRU',
37 verbose headers   'x-cache': 'MISS',
37 verbose headers   'x-cache-hits': '0',
37 verbose headers   'x-timer': 'S1484443790.713825,VS0,VE8751',
37 verbose headers   vary: 'Accept-Encoding' }
38 verbose request invalidating /home/igor/.npm/registry.npmjs.org/react-ip on PUT
39 error publish Failed PUT 403
40 verbose stack Error: "You cannot publish over the previously published version 1.0.0." : react-ip
40 verbose stack     at makeError (/usr/lib/node_modules/npm/node_modules/npm-registry-client/lib/request.js:302:12)
40 verbose stack     at CachingRegistryClient.<anonymous> (/usr/lib/node_modules/npm/node_modules/npm-registry-client/lib/request.js:290:14)
40 verbose stack     at Request._callback (/usr/lib/node_modules/npm/node_modules/npm-registry-client/lib/request.js:210:14)
40 verbose stack     at Request.self.callback (/usr/lib/node_modules/npm/node_modules/request/request.js:187:22)
40 verbose stack     at emitTwo (events.js:106:13)
40 verbose stack     at Request.emit (events.js:191:7)
40 verbose stack     at Request.<anonymous> (/usr/lib/node_modules/npm/node_modules/request/request.js:1048:10)
40 verbose stack     at emitOne (events.js:96:13)
40 verbose stack     at Request.emit (events.js:188:7)
40 verbose stack     at IncomingMessage.<anonymous> (/usr/lib/node_modules/npm/node_modules/request/request.js:969:12)
41 verbose statusCode 403
42 verbose pkgid react-ip
43 verbose cwd /home/igor/Área de Trabalho/Projects/OpenSources/MyIpReact
44 error Linux 4.4.0-59-generic
45 error argv "/usr/bin/nodejs" "/usr/bin/npm" "publish"
46 error node v6.9.4
47 error npm  v3.10.10
48 error code E403
49 error "You cannot publish over the previously published version 1.0.0." : react-ip
50 error If you need help, you may report this error at:
50 error     <https://github.com/npm/npm/issues>
51 verbose exit [ 1, true ]
